================================================================
DISTRIBUTION DATE: 2024-07-17  (Period 01)
================================================================
POOL BALANCE (BOP):          $1,345,132,442.28
WA COUPON:                   6.4314%
SCHEDULED INTEREST:          $7,209,289.10
SCHEDULED PRINCIPAL:         $1,210,619.20
UNSCHEDULED PRINCIPAL:       $0.00
LIQUIDATION PROCEEDS:        $0.00
TOTAL AVAILABLE DISTRIBUTION:$8,419,908.30

  -- INTEREST DISTRIBUTION (PSA s.4.01(a)) --
    Class X-A   Interest Paid: $720,928.91
    Class X-B   Interest Paid: $176,268.40
    Class A-1   Accrued: $519,418.18  Paid: $519,418.18
    Class A-2   Accrued: $1,021,700.92  Paid: $1,021,700.92
    Class A-3   Accrued: $1,386,900.09  Paid: $1,386,900.09
    Class A-SB  Accrued: $330,928.28  Paid: $330,928.28
    Class A-S   Accrued: $745,391.86  Paid: $745,391.86
    Class B     Accrued: $647,934.02  Paid: $647,934.02
    Class C     Accrued: $544,050.38  Paid: $544,050.38
    Class D     Accrued: $481,934.39  Paid: $481,934.39
    Class E     Accrued: $310,579.94  Paid: $310,579.94
    Class F     Accrued: $276,666.04  Paid: $276,666.04
    Class NR    Accrued: $0.00  Paid: $0.00

  -- PRINCIPAL DISTRIBUTION (PSA s.4.01(b), sequential) --
    Class A-1   Principal Paid:      $1,210,619.20  New Balance: $127,305,218.80

  Cumulative Realized Losses: $0.00

================================================================
DISTRIBUTION DATE: 2024-08-17  (Period 02)
================================================================
POOL BALANCE (BOP):          $1,343,921,823.08
WA COUPON:                   6.4314%
SCHEDULED INTEREST:          $7,202,800.74
SCHEDULED PRINCIPAL:         $1,209,529.64
UNSCHEDULED PRINCIPAL:       $0.00
LIQUIDATION PROCEEDS:        $0.00
TOTAL AVAILABLE DISTRIBUTION:$8,412,330.38

  -- INTEREST DISTRIBUTION (PSA s.4.01(a)) --
    Class X-A   Interest Paid: $720,280.07
    Class X-B   Interest Paid: $176,268.40
    Class A-1   Accrued: $514,525.26  Paid: $514,525.26
    Class A-2   Accrued: $1,021,700.92  Paid: $1,021,700.92
    Class A-3   Accrued: $1,386,900.09  Paid: $1,386,900.09
    Class A-SB  Accrued: $330,928.28  Paid: $330,928.28
    Class A-S   Accrued: $745,391.86  Paid: $745,391.86
    Class B     Accrued: $647,934.02  Paid: $647,934.02
    Class C     Accrued: $544,050.38  Paid: $544,050.38
    Class D     Accrued: $481,934.39  Paid: $481,934.39
    Class E     Accrued: $310,579.94  Paid: $310,579.94
    Class F     Accrued: $276,666.04  Paid: $276,666.04
    Class NR    Accrued: $0.00  Paid: $0.00

  -- PRINCIPAL DISTRIBUTION (PSA s.4.01(b), sequential) --
    Class A-1   Principal Paid:      $1,209,529.64  New Balance: $126,095,689.16

  Cumulative Realized Losses: $0.00

================================================================
DISTRIBUTION DATE: 2024-09-17  (Period 03)
================================================================
POOL BALANCE (BOP):          $1,342,712,293.44
WA COUPON:                   6.4314%
SCHEDULED INTEREST:          $7,196,318.22
SCHEDULED PRINCIPAL:         $1,208,441.06
UNSCHEDULED PRINCIPAL:       $0.00
LIQUIDATION PROCEEDS:        $0.00
TOTAL AVAILABLE DISTRIBUTION:$8,404,759.29

  -- INTEREST DISTRIBUTION (PSA s.4.01(a)) --
    Class X-A   Interest Paid: $719,631.82
    Class X-B   Interest Paid: $176,268.40
    Class A-1   Accrued: $509,636.74  Paid: $509,636.74
    Class A-2   Accrued: $1,021,700.92  Paid: $1,021,700.92
    Class A-3   Accrued: $1,386,900.09  Paid: $1,386,900.09
    Class A-SB  Accrued: $330,928.28  Paid: $330,928.28
    Class A-S   Accrued: $745,391.86  Paid: $745,391.86
    Class B     Accrued: $647,934.02  Paid: $647,934.02
    Class C     Accrued: $544,050.38  Paid: $544,050.38
    Class D     Accrued: $481,934.39  Paid: $481,934.39
    Class E     Accrued: $310,579.94  Paid: $310,579.94
    Class F     Accrued: $276,666.04  Paid: $276,666.04
    Class NR    Accrued: $0.00  Paid: $0.00

  -- PRINCIPAL DISTRIBUTION (PSA s.4.01(b), sequential) --
    Class A-1   Principal Paid:      $1,208,441.06  New Balance: $124,887,248.10

  Cumulative Realized Losses: $0.00

================================================================
DISTRIBUTION DATE: 2024-10-17  (Period 04)
================================================================
POOL BALANCE (BOP):          $1,341,503,852.38
WA COUPON:                   6.4314%
SCHEDULED INTEREST:          $7,189,841.54
SCHEDULED PRINCIPAL:         $1,207,353.47
UNSCHEDULED PRINCIPAL:       $0.00
LIQUIDATION PROCEEDS:        $0.00
TOTAL AVAILABLE DISTRIBUTION:$8,397,195.00

  -- INTEREST DISTRIBUTION (PSA s.4.01(a)) --
    Class X-A   Interest Paid: $718,984.15
    Class X-B   Interest Paid: $176,268.40
    Class A-1   Accrued: $504,752.63  Paid: $504,752.63
    Class A-2   Accrued: $1,021,700.92  Paid: $1,021,700.92
    Class A-3   Accrued: $1,386,900.09  Paid: $1,386,900.09
    Class A-SB  Accrued: $330,928.28  Paid: $330,928.28
    Class A-S   Accrued: $745,391.86  Paid: $745,391.86
    Class B     Accrued: $647,934.02  Paid: $647,934.02
    Class C     Accrued: $544,050.38  Paid: $544,050.38
    Class D     Accrued: $481,934.39  Paid: $481,934.39
    Class E     Accrued: $310,579.94  Paid: $310,579.94
    Class F     Accrued: $276,666.04  Paid: $276,666.04
    Class NR    Accrued: $0.00  Paid: $0.00

  -- PRINCIPAL DISTRIBUTION (PSA s.4.01(b), sequential) --
    Class A-1   Principal Paid:      $1,207,353.47  New Balance: $123,679,894.63

  Cumulative Realized Losses: $0.00

================================================================
DISTRIBUTION DATE: 2024-11-17  (Period 05)
================================================================
POOL BALANCE (BOP):          $1,340,296,498.91
WA COUPON:                   6.4314%
SCHEDULED INTEREST:          $7,183,370.68
SCHEDULED PRINCIPAL:         $1,206,266.85
UNSCHEDULED PRINCIPAL:       $0.00
LIQUIDATION PROCEEDS:        $0.00
TOTAL AVAILABLE DISTRIBUTION:$8,389,637.53

  -- INTEREST DISTRIBUTION (PSA s.4.01(a)) --
    Class X-A   Interest Paid: $718,337.07
    Class X-B   Interest Paid: $176,268.40
    Class A-1   Accrued: $499,872.91  Paid: $499,872.91
    Class A-2   Accrued: $1,021,700.92  Paid: $1,021,700.92
    Class A-3   Accrued: $1,386,900.09  Paid: $1,386,900.09
    Class A-SB  Accrued: $330,928.28  Paid: $330,928.28
    Class A-S   Accrued: $745,391.86  Paid: $745,391.86
    Class B     Accrued: $647,934.02  Paid: $647,934.02
    Class C     Accrued: $544,050.38  Paid: $544,050.38
    Class D     Accrued: $481,934.39  Paid: $481,934.39
    Class E     Accrued: $310,579.94  Paid: $310,579.94
    Class F     Accrued: $276,666.04  Paid: $276,666.04
    Class NR    Accrued: $0.00  Paid: $0.00

  -- PRINCIPAL DISTRIBUTION (PSA s.4.01(b), sequential) --
    Class A-1   Principal Paid:      $1,206,266.85  New Balance: $122,473,627.78

  Cumulative Realized Losses: $0.00

================================================================
DISTRIBUTION DATE: 2024-12-17  (Period 06)
================================================================
POOL BALANCE (BOP):          $1,339,090,232.06
WA COUPON:                   6.4314%
SCHEDULED INTEREST:          $7,176,905.65
SCHEDULED PRINCIPAL:         $1,205,181.21
UNSCHEDULED PRINCIPAL:       $0.00
LIQUIDATION PROCEEDS:        $0.00
TOTAL AVAILABLE DISTRIBUTION:$8,382,086.85

  -- INTEREST DISTRIBUTION (PSA s.4.01(a)) --
    Class X-A   Interest Paid: $717,690.56
    Class X-B   Interest Paid: $176,268.40
    Class A-1   Accrued: $494,997.58  Paid: $494,997.58
    Class A-2   Accrued: $1,021,700.92  Paid: $1,021,700.92
    Class A-3   Accrued: $1,386,900.09  Paid: $1,386,900.09
    Class A-SB  Accrued: $330,928.28  Paid: $330,928.28
    Class A-S   Accrued: $745,391.86  Paid: $745,391.86
    Class B     Accrued: $647,934.02  Paid: $647,934.02
    Class C     Accrued: $544,050.38  Paid: $544,050.38
    Class D     Accrued: $481,934.39  Paid: $481,934.39
    Class E     Accrued: $310,579.94  Paid: $310,579.94
    Class F     Accrued: $276,666.04  Paid: $276,666.04
    Class NR    Accrued: $0.00  Paid: $0.00

  -- PRINCIPAL DISTRIBUTION (PSA s.4.01(b), sequential) --
    Class A-1   Principal Paid:      $1,205,181.21  New Balance: $121,268,446.57

  Cumulative Realized Losses: $0.00

================================================================
DISTRIBUTION DATE: 2025-01-17  (Period 07)
================================================================
POOL BALANCE (BOP):          $1,337,885,050.85
WA COUPON:                   6.4314%
SCHEDULED INTEREST:          $7,170,446.43
SCHEDULED PRINCIPAL:         $1,204,096.55
UNSCHEDULED PRINCIPAL:       $0.00
LIQUIDATION PROCEEDS:        $0.00
TOTAL AVAILABLE DISTRIBUTION:$8,374,542.98

  -- INTEREST DISTRIBUTION (PSA s.4.01(a)) --
    Class X-A   Interest Paid: $717,044.64
    Class X-B   Interest Paid: $176,268.40
    Class A-1   Accrued: $490,126.64  Paid: $490,126.64
    Class A-2   Accrued: $1,021,700.92  Paid: $1,021,700.92
    Class A-3   Accrued: $1,386,900.09  Paid: $1,386,900.09
    Class A-SB  Accrued: $330,928.28  Paid: $330,928.28
    Class A-S   Accrued: $745,391.86  Paid: $745,391.86
    Class B     Accrued: $647,934.02  Paid: $647,934.02
    Class C     Accrued: $544,050.38  Paid: $544,050.38
    Class D     Accrued: $481,934.39  Paid: $481,934.39
    Class E     Accrued: $310,579.94  Paid: $310,579.94
    Class F     Accrued: $276,666.04  Paid: $276,666.04
    Class NR    Accrued: $0.00  Paid: $0.00

  -- PRINCIPAL DISTRIBUTION (PSA s.4.01(b), sequential) --
    Class A-1   Principal Paid:      $1,204,096.55  New Balance: $120,064,350.03

  Cumulative Realized Losses: $0.00

================================================================
DISTRIBUTION DATE: 2025-02-17  (Period 08)
================================================================
POOL BALANCE (BOP):          $1,336,680,954.31
WA COUPON:                   6.4314%
SCHEDULED INTEREST:          $7,163,993.03
SCHEDULED PRINCIPAL:         $1,203,012.86
UNSCHEDULED PRINCIPAL:       $0.00
LIQUIDATION PROCEEDS:        $0.00
TOTAL AVAILABLE DISTRIBUTION:$8,367,005.89

  -- INTEREST DISTRIBUTION (PSA s.4.01(a)) --
    Class X-A   Interest Paid: $716,399.30
    Class X-B   Interest Paid: $176,268.40
    Class A-1   Accrued: $485,260.08  Paid: $485,260.08
    Class A-2   Accrued: $1,021,700.92  Paid: $1,021,700.92
    Class A-3   Accrued: $1,386,900.09  Paid: $1,386,900.09
    Class A-SB  Accrued: $330,928.28  Paid: $330,928.28
    Class A-S   Accrued: $745,391.86  Paid: $745,391.86
    Class B     Accrued: $647,934.02  Paid: $647,934.02
    Class C     Accrued: $544,050.38  Paid: $544,050.38
    Class D     Accrued: $481,934.39  Paid: $481,934.39
    Class E     Accrued: $310,579.94  Paid: $310,579.94
    Class F     Accrued: $276,666.04  Paid: $276,666.04
    Class NR    Accrued: $0.00  Paid: $0.00

  -- PRINCIPAL DISTRIBUTION (PSA s.4.01(b), sequential) --
    Class A-1   Principal Paid:      $1,203,012.86  New Balance: $118,861,337.17

  Cumulative Realized Losses: $0.00

================================================================
DISTRIBUTION DATE: 2025-03-17  (Period 09)
================================================================
POOL BALANCE (BOP):          $1,335,477,941.45
WA COUPON:                   6.4314%
SCHEDULED INTEREST:          $7,157,545.43
SCHEDULED PRINCIPAL:         $1,201,930.15
UNSCHEDULED PRINCIPAL:       $0.00
LIQUIDATION PROCEEDS:        $0.00
TOTAL AVAILABLE DISTRIBUTION:$8,359,475.58

  -- INTEREST DISTRIBUTION (PSA s.4.01(a)) --
    Class X-A   Interest Paid: $715,754.54
    Class X-B   Interest Paid: $176,268.40
    Class A-1   Accrued: $480,397.90  Paid: $480,397.90
    Class A-2   Accrued: $1,021,700.92  Paid: $1,021,700.92
    Class A-3   Accrued: $1,386,900.09  Paid: $1,386,900.09
    Class A-SB  Accrued: $330,928.28  Paid: $330,928.28
    Class A-S   Accrued: $745,391.86  Paid: $745,391.86
    Class B     Accrued: $647,934.02  Paid: $647,934.02
    Class C     Accrued: $544,050.38  Paid: $544,050.38
    Class D     Accrued: $481,934.39  Paid: $481,934.39
    Class E     Accrued: $310,579.94  Paid: $310,579.94
    Class F     Accrued: $276,666.04  Paid: $276,666.04
    Class NR    Accrued: $0.00  Paid: $0.00

  -- PRINCIPAL DISTRIBUTION (PSA s.4.01(b), sequential) --
    Class A-1   Principal Paid:      $1,201,930.15  New Balance: $117,659,407.02

  Cumulative Realized Losses: $0.00

================================================================
DISTRIBUTION DATE: 2025-04-17  (Period 10)
================================================================
POOL BALANCE (BOP):          $1,334,276,011.30
WA COUPON:                   6.4314%
SCHEDULED INTEREST:          $7,151,103.64
SCHEDULED PRINCIPAL:         $1,200,848.41
UNSCHEDULED PRINCIPAL:       $14,250,000.00
LIQUIDATION PROCEEDS:        $0.00
TOTAL AVAILABLE DISTRIBUTION:$22,601,952.05

  [EVENT] PREPAYMENT: Loan MSCG24-011 paid off in full ($14.25M). Yield maintenance premium of $1,124,000 collected and distributed to Class X-A per s.8.02(f).

  -- INTEREST DISTRIBUTION (PSA s.4.01(a)) --
    Class X-A   Interest Paid: $715,110.36
    Class X-B   Interest Paid: $176,268.40
    Class A-1   Accrued: $475,540.10  Paid: $475,540.10
    Class A-2   Accrued: $1,021,700.92  Paid: $1,021,700.92
    Class A-3   Accrued: $1,386,900.09  Paid: $1,386,900.09
    Class A-SB  Accrued: $330,928.28  Paid: $330,928.28
    Class A-S   Accrued: $745,391.86  Paid: $745,391.86
    Class B     Accrued: $647,934.02  Paid: $647,934.02
    Class C     Accrued: $544,050.38  Paid: $544,050.38
    Class D     Accrued: $481,934.39  Paid: $481,934.39
    Class E     Accrued: $310,579.94  Paid: $310,579.94
    Class F     Accrued: $276,666.04  Paid: $276,666.04
    Class NR    Accrued: $0.00  Paid: $0.00

  -- PRINCIPAL DISTRIBUTION (PSA s.4.01(b), sequential) --
    Class A-1   Principal Paid:     $15,450,848.41  New Balance: $102,208,558.61

  Cumulative Realized Losses: $0.00

================================================================
DISTRIBUTION DATE: 2025-05-17  (Period 11)
================================================================
POOL BALANCE (BOP):          $1,318,825,162.89
WA COUPON:                   6.4314%
SCHEDULED INTEREST:          $7,068,294.23
SCHEDULED PRINCIPAL:         $1,186,942.65
UNSCHEDULED PRINCIPAL:       $0.00
LIQUIDATION PROCEEDS:        $0.00
TOTAL AVAILABLE DISTRIBUTION:$8,255,236.87

  -- INTEREST DISTRIBUTION (PSA s.4.01(a)) --
    Class X-A   Interest Paid: $706,829.42
    Class X-B   Interest Paid: $176,268.40
    Class A-1   Accrued: $413,092.92  Paid: $413,092.92
    Class A-2   Accrued: $1,021,700.92  Paid: $1,021,700.92
    Class A-3   Accrued: $1,386,900.09  Paid: $1,386,900.09
    Class A-SB  Accrued: $330,928.28  Paid: $330,928.28
    Class A-S   Accrued: $745,391.86  Paid: $745,391.86
    Class B     Accrued: $647,934.02  Paid: $647,934.02
    Class C     Accrued: $544,050.38  Paid: $544,050.38
    Class D     Accrued: $481,934.39  Paid: $481,934.39
    Class E     Accrued: $310,579.94  Paid: $310,579.94
    Class F     Accrued: $276,666.04  Paid: $276,666.04
    Class NR    Accrued: $0.00  Paid: $0.00

  -- PRINCIPAL DISTRIBUTION (PSA s.4.01(b), sequential) --
    Class A-1   Principal Paid:      $1,186,942.65  New Balance: $101,021,615.96

  Cumulative Realized Losses: $0.00

================================================================
DISTRIBUTION DATE: 2025-06-17  (Period 12)
================================================================
POOL BALANCE (BOP):          $1,317,638,220.24
WA COUPON:                   6.4314%
SCHEDULED INTEREST:          $7,061,932.76
SCHEDULED PRINCIPAL:         $1,185,874.40
UNSCHEDULED PRINCIPAL:       $0.00
LIQUIDATION PROCEEDS:        $0.00
TOTAL AVAILABLE DISTRIBUTION:$8,247,807.16

  -- INTEREST DISTRIBUTION (PSA s.4.01(a)) --
    Class X-A   Interest Paid: $706,193.28
    Class X-B   Interest Paid: $176,268.40
    Class A-1   Accrued: $408,295.70  Paid: $408,295.70
    Class A-2   Accrued: $1,021,700.92  Paid: $1,021,700.92
    Class A-3   Accrued: $1,386,900.09  Paid: $1,386,900.09
    Class A-SB  Accrued: $330,928.28  Paid: $330,928.28
    Class A-S   Accrued: $745,391.86  Paid: $745,391.86
    Class B     Accrued: $647,934.02  Paid: $647,934.02
    Class C     Accrued: $544,050.38  Paid: $544,050.38
    Class D     Accrued: $481,934.39  Paid: $481,934.39
    Class E     Accrued: $310,579.94  Paid: $310,579.94
    Class F     Accrued: $276,666.04  Paid: $276,666.04
    Class NR    Accrued: $0.00  Paid: $0.00

  -- PRINCIPAL DISTRIBUTION (PSA s.4.01(b), sequential) --
    Class A-1   Principal Paid:      $1,185,874.40  New Balance: $99,835,741.57

  Cumulative Realized Losses: $0.00

================================================================
DISTRIBUTION DATE: 2025-07-17  (Period 13)
================================================================
POOL BALANCE (BOP):          $1,316,452,345.85
WA COUPON:                   6.4314%
SCHEDULED INTEREST:          $7,055,577.02
SCHEDULED PRINCIPAL:         $1,184,807.11
UNSCHEDULED PRINCIPAL:       $0.00
LIQUIDATION PROCEEDS:        $0.00
TOTAL AVAILABLE DISTRIBUTION:$8,240,384.13

  -- INTEREST DISTRIBUTION (PSA s.4.01(a)) --
    Class X-A   Interest Paid: $705,557.70
    Class X-B   Interest Paid: $176,268.40
    Class A-1   Accrued: $403,502.79  Paid: $403,502.79
    Class A-2   Accrued: $1,021,700.92  Paid: $1,021,700.92
    Class A-3   Accrued: $1,386,900.09  Paid: $1,386,900.09
    Class A-SB  Accrued: $330,928.28  Paid: $330,928.28
    Class A-S   Accrued: $745,391.86  Paid: $745,391.86
    Class B     Accrued: $647,934.02  Paid: $647,934.02
    Class C     Accrued: $544,050.38  Paid: $544,050.38
    Class D     Accrued: $481,934.39  Paid: $481,934.39
    Class E     Accrued: $310,579.94  Paid: $310,579.94
    Class F     Accrued: $276,666.04  Paid: $276,666.04
    Class NR    Accrued: $0.00  Paid: $0.00

  -- PRINCIPAL DISTRIBUTION (PSA s.4.01(b), sequential) --
    Class A-1   Principal Paid:      $1,184,807.11  New Balance: $98,650,934.45

  Cumulative Realized Losses: $0.00

================================================================
DISTRIBUTION DATE: 2025-08-17  (Period 14)
================================================================
POOL BALANCE (BOP):          $1,315,267,538.73
WA COUPON:                   6.4314%
SCHEDULED INTEREST:          $7,049,227.00
SCHEDULED PRINCIPAL:         $1,183,740.78
UNSCHEDULED PRINCIPAL:       $0.00
LIQUIDATION PROCEEDS:        $0.00
TOTAL AVAILABLE DISTRIBUTION:$8,232,967.79

  -- INTEREST DISTRIBUTION (PSA s.4.01(a)) --
    Class X-A   Interest Paid: $704,922.70
    Class X-B   Interest Paid: $176,268.40
    Class A-1   Accrued: $398,714.19  Paid: $398,714.19
    Class A-2   Accrued: $1,021,700.92  Paid: $1,021,700.92
    Class A-3   Accrued: $1,386,900.09  Paid: $1,386,900.09
    Class A-SB  Accrued: $330,928.28  Paid: $330,928.28
    Class A-S   Accrued: $745,391.86  Paid: $745,391.86
    Class B     Accrued: $647,934.02  Paid: $647,934.02
    Class C     Accrued: $544,050.38  Paid: $544,050.38
    Class D     Accrued: $481,934.39  Paid: $481,934.39
    Class E     Accrued: $310,579.94  Paid: $310,579.94
    Class F     Accrued: $276,666.04  Paid: $276,666.04
    Class NR    Accrued: $0.00  Paid: $0.00

  -- PRINCIPAL DISTRIBUTION (PSA s.4.01(b), sequential) --
    Class A-1   Principal Paid:      $1,183,740.78  New Balance: $97,467,193.67

  Cumulative Realized Losses: $0.00

================================================================
DISTRIBUTION DATE: 2025-09-17  (Period 15)
================================================================
POOL BALANCE (BOP):          $1,314,083,797.95
WA COUPON:                   6.4314%
SCHEDULED INTEREST:          $7,042,882.70
SCHEDULED PRINCIPAL:         $1,182,675.42
UNSCHEDULED PRINCIPAL:       $0.00
LIQUIDATION PROCEEDS:        $0.00
TOTAL AVAILABLE DISTRIBUTION:$8,225,558.12

  [EVENT] TRANSFER TO SPECIAL SERVICING: Loan MSCG24-006 (retail, $28.4M, Midwest) transferred to Rialto Capital Advisors on 2025-09-08 due to payment default (missed Aug-25 P&I). Appraisal Reduction Event expected within 60 days.

  -- INTEREST DISTRIBUTION (PSA s.4.01(a)) --
    Class X-A   Interest Paid: $704,288.27
    Class X-B   Interest Paid: $176,268.40
    Class A-1   Accrued: $393,929.91  Paid: $393,929.91
    Class A-2   Accrued: $1,021,700.92  Paid: $1,021,700.92
    Class A-3   Accrued: $1,386,900.09  Paid: $1,386,900.09
    Class A-SB  Accrued: $330,928.28  Paid: $330,928.28
    Class A-S   Accrued: $745,391.86  Paid: $745,391.86
    Class B     Accrued: $647,934.02  Paid: $647,934.02
    Class C     Accrued: $544,050.38  Paid: $544,050.38
    Class D     Accrued: $481,934.39  Paid: $481,934.39
    Class E     Accrued: $310,579.94  Paid: $310,579.94
    Class F     Accrued: $276,666.04  Paid: $276,666.04
    Class NR    Accrued: $0.00  Paid: $0.00

  -- PRINCIPAL DISTRIBUTION (PSA s.4.01(b), sequential) --
    Class A-1   Principal Paid:      $1,182,675.42  New Balance: $96,284,518.25

  Cumulative Realized Losses: $0.00

================================================================
DISTRIBUTION DATE: 2025-10-17  (Period 16)
================================================================
POOL BALANCE (BOP):          $1,312,901,122.53
WA COUPON:                   6.4314%
SCHEDULED INTEREST:          $7,036,544.10
SCHEDULED PRINCIPAL:         $1,181,611.01
UNSCHEDULED PRINCIPAL:       $0.00
LIQUIDATION PROCEEDS:        $0.00
TOTAL AVAILABLE DISTRIBUTION:$8,218,155.11

  -- INTEREST DISTRIBUTION (PSA s.4.01(a)) --
    Class X-A   Interest Paid: $703,654.41
    Class X-B   Interest Paid: $176,268.40
    Class A-1   Accrued: $389,149.93  Paid: $389,149.93
    Class A-2   Accrued: $1,021,700.92  Paid: $1,021,700.92
    Class A-3   Accrued: $1,386,900.09  Paid: $1,386,900.09
    Class A-SB  Accrued: $330,928.28  Paid: $330,928.28
    Class A-S   Accrued: $745,391.86  Paid: $745,391.86
    Class B     Accrued: $647,934.02  Paid: $647,934.02
    Class C     Accrued: $544,050.38  Paid: $544,050.38
    Class D     Accrued: $481,934.39  Paid: $481,934.39
    Class E     Accrued: $310,579.94  Paid: $310,579.94
    Class F     Accrued: $276,666.04  Paid: $276,666.04
    Class NR    Accrued: $0.00  Paid: $0.00

  -- PRINCIPAL DISTRIBUTION (PSA s.4.01(b), sequential) --
    Class A-1   Principal Paid:      $1,181,611.01  New Balance: $95,102,907.24

  Cumulative Realized Losses: $0.00

================================================================
DISTRIBUTION DATE: 2025-11-17  (Period 17)
================================================================
POOL BALANCE (BOP):          $1,311,719,511.52
WA COUPON:                   6.4314%
SCHEDULED INTEREST:          $7,030,211.21
SCHEDULED PRINCIPAL:         $1,180,547.56
UNSCHEDULED PRINCIPAL:       $0.00
LIQUIDATION PROCEEDS:        $0.00
TOTAL AVAILABLE DISTRIBUTION:$8,210,758.78

  -- INTEREST DISTRIBUTION (PSA s.4.01(a)) --
    Class X-A   Interest Paid: $703,021.12
    Class X-B   Interest Paid: $176,268.40
    Class A-1   Accrued: $384,374.25  Paid: $384,374.25
    Class A-2   Accrued: $1,021,700.92  Paid: $1,021,700.92
    Class A-3   Accrued: $1,386,900.09  Paid: $1,386,900.09
    Class A-SB  Accrued: $330,928.28  Paid: $330,928.28
    Class A-S   Accrued: $745,391.86  Paid: $745,391.86
    Class B     Accrued: $647,934.02  Paid: $647,934.02
    Class C     Accrued: $544,050.38  Paid: $544,050.38
    Class D     Accrued: $481,934.39  Paid: $481,934.39
    Class E     Accrued: $310,579.94  Paid: $310,579.94
    Class F     Accrued: $276,666.04  Paid: $276,666.04
    Class NR    Accrued: $0.00  Paid: $0.00

  -- PRINCIPAL DISTRIBUTION (PSA s.4.01(b), sequential) --
    Class A-1   Principal Paid:      $1,180,547.56  New Balance: $93,922,359.68

  Cumulative Realized Losses: $0.00

================================================================
DISTRIBUTION DATE: 2025-12-17  (Period 18)
================================================================
POOL BALANCE (BOP):          $1,310,538,963.96
WA COUPON:                   6.4314%
SCHEDULED INTEREST:          $7,023,884.02
SCHEDULED PRINCIPAL:         $1,179,485.07
UNSCHEDULED PRINCIPAL:       $0.00
LIQUIDATION PROCEEDS:        $0.00
TOTAL AVAILABLE DISTRIBUTION:$8,203,369.09

  -- INTEREST DISTRIBUTION (PSA s.4.01(a)) --
    Class X-A   Interest Paid: $702,388.40
    Class X-B   Interest Paid: $176,268.40
    Class A-1   Accrued: $379,602.87  Paid: $379,602.87
    Class A-2   Accrued: $1,021,700.92  Paid: $1,021,700.92
    Class A-3   Accrued: $1,386,900.09  Paid: $1,386,900.09
    Class A-SB  Accrued: $330,928.28  Paid: $330,928.28
    Class A-S   Accrued: $745,391.86  Paid: $745,391.86
    Class B     Accrued: $647,934.02  Paid: $647,934.02
    Class C     Accrued: $544,050.38  Paid: $544,050.38
    Class D     Accrued: $481,934.39  Paid: $481,934.39
    Class E     Accrued: $310,579.94  Paid: $310,579.94
    Class F     Accrued: $276,666.04  Paid: $276,666.04
    Class NR    Accrued: $0.00  Paid: $0.00

  -- PRINCIPAL DISTRIBUTION (PSA s.4.01(b), sequential) --
    Class A-1   Principal Paid:      $1,179,485.07  New Balance: $92,742,874.61

  Cumulative Realized Losses: $0.00

================================================================
DISTRIBUTION DATE: 2026-01-17  (Period 19)
================================================================
POOL BALANCE (BOP):          $1,309,359,478.89
WA COUPON:                   6.4314%
SCHEDULED INTEREST:          $7,017,562.53
SCHEDULED PRINCIPAL:         $1,178,423.53
UNSCHEDULED PRINCIPAL:       $0.00
LIQUIDATION PROCEEDS:        $0.00
TOTAL AVAILABLE DISTRIBUTION:$8,195,986.06

  [EVENT] APPRAISAL REDUCTION: Loan MSCG24-006 — updated appraisal of $19.2M vs. $34.8M at origination. Appraisal Reduction Amount = $9,840,000. ARA applied to reduce P&I advancing and adjusts interest entitlement for Class F, Class NR per PSA Section 3.18.

  -- INTEREST DISTRIBUTION (PSA s.4.01(a)) --
    Class X-A   Interest Paid: $701,756.25
    Class X-B   Interest Paid: $176,268.40
    Class A-1   Accrued: $374,835.78  Paid: $374,835.78
    Class A-2   Accrued: $1,021,700.92  Paid: $1,021,700.92
    Class A-3   Accrued: $1,386,900.09  Paid: $1,386,900.09
    Class A-SB  Accrued: $330,928.28  Paid: $330,928.28
    Class A-S   Accrued: $745,391.86  Paid: $745,391.86
    Class B     Accrued: $647,934.02  Paid: $647,934.02
    Class C     Accrued: $544,050.38  Paid: $544,050.38
    Class D     Accrued: $481,934.39  Paid: $481,934.39
    Class E     Accrued: $310,579.94  Paid: $310,579.94
    Class F     Accrued: $276,666.04  Paid: $276,666.04
    Class NR    Accrued: $0.00  Paid: $0.00

  -- PRINCIPAL DISTRIBUTION (PSA s.4.01(b), sequential) --
    Class A-1   Principal Paid:      $1,178,423.53  New Balance: $91,564,451.08

  Cumulative Realized Losses: $0.00

================================================================
DISTRIBUTION DATE: 2026-02-17  (Period 20)
================================================================
POOL BALANCE (BOP):          $1,308,181,055.36
WA COUPON:                   6.4314%
SCHEDULED INTEREST:          $7,011,246.72
SCHEDULED PRINCIPAL:         $1,177,362.95
UNSCHEDULED PRINCIPAL:       $0.00
LIQUIDATION PROCEEDS:        $0.00
TOTAL AVAILABLE DISTRIBUTION:$8,188,609.67

  -- INTEREST DISTRIBUTION (PSA s.4.01(a)) --
    Class X-A   Interest Paid: $701,124.67
    Class X-B   Interest Paid: $176,268.40
    Class A-1   Accrued: $370,072.99  Paid: $370,072.99
    Class A-2   Accrued: $1,021,700.92  Paid: $1,021,700.92
    Class A-3   Accrued: $1,386,900.09  Paid: $1,386,900.09
    Class A-SB  Accrued: $330,928.28  Paid: $330,928.28
    Class A-S   Accrued: $745,391.86  Paid: $745,391.86
    Class B     Accrued: $647,934.02  Paid: $647,934.02
    Class C     Accrued: $544,050.38  Paid: $544,050.38
    Class D     Accrued: $481,934.39  Paid: $481,934.39
    Class E     Accrued: $310,579.94  Paid: $310,579.94
    Class F     Accrued: $276,666.04  Paid: $276,666.04
    Class NR    Accrued: $0.00  Paid: $0.00

  -- PRINCIPAL DISTRIBUTION (PSA s.4.01(b), sequential) --
    Class A-1   Principal Paid:      $1,177,362.95  New Balance: $90,387,088.13

  Cumulative Realized Losses: $0.00

================================================================
DISTRIBUTION DATE: 2026-03-17  (Period 21)
================================================================
POOL BALANCE (BOP):          $1,307,003,692.41
WA COUPON:                   6.4314%
SCHEDULED INTEREST:          $7,004,936.60
SCHEDULED PRINCIPAL:         $1,176,303.32
UNSCHEDULED PRINCIPAL:       $0.00
LIQUIDATION PROCEEDS:        $0.00
TOTAL AVAILABLE DISTRIBUTION:$8,181,239.92

  -- INTEREST DISTRIBUTION (PSA s.4.01(a)) --
    Class X-A   Interest Paid: $700,493.66
    Class X-B   Interest Paid: $176,268.40
    Class A-1   Accrued: $365,314.48  Paid: $365,314.48
    Class A-2   Accrued: $1,021,700.92  Paid: $1,021,700.92
    Class A-3   Accrued: $1,386,900.09  Paid: $1,386,900.09
    Class A-SB  Accrued: $330,928.28  Paid: $330,928.28
    Class A-S   Accrued: $745,391.86  Paid: $745,391.86
    Class B     Accrued: $647,934.02  Paid: $647,934.02
    Class C     Accrued: $544,050.38  Paid: $544,050.38
    Class D     Accrued: $481,934.39  Paid: $481,934.39
    Class E     Accrued: $310,579.94  Paid: $310,579.94
    Class F     Accrued: $276,666.04  Paid: $276,666.04
    Class NR    Accrued: $0.00  Paid: $0.00

  -- PRINCIPAL DISTRIBUTION (PSA s.4.01(b), sequential) --
    Class A-1   Principal Paid:      $1,176,303.32  New Balance: $89,210,784.81

  Cumulative Realized Losses: $0.00

================================================================
DISTRIBUTION DATE: 2026-04-17  (Period 22)
================================================================
POOL BALANCE (BOP):          $1,305,827,389.09
WA COUPON:                   6.4314%
SCHEDULED INTEREST:          $6,998,632.16
SCHEDULED PRINCIPAL:         $1,175,244.65
UNSCHEDULED PRINCIPAL:       $0.00
LIQUIDATION PROCEEDS:        $0.00
TOTAL AVAILABLE DISTRIBUTION:$8,173,876.81

  -- INTEREST DISTRIBUTION (PSA s.4.01(a)) --
    Class X-A   Interest Paid: $699,863.22
    Class X-B   Interest Paid: $176,268.40
    Class A-1   Accrued: $360,560.26  Paid: $360,560.26
    Class A-2   Accrued: $1,021,700.92  Paid: $1,021,700.92
    Class A-3   Accrued: $1,386,900.09  Paid: $1,386,900.09
    Class A-SB  Accrued: $330,928.28  Paid: $330,928.28
    Class A-S   Accrued: $745,391.86  Paid: $745,391.86
    Class B     Accrued: $647,934.02  Paid: $647,934.02
    Class C     Accrued: $544,050.38  Paid: $544,050.38
    Class D     Accrued: $481,934.39  Paid: $481,934.39
    Class E     Accrued: $310,579.94  Paid: $310,579.94
    Class F     Accrued: $276,666.04  Paid: $276,666.04
    Class NR    Accrued: $0.00  Paid: $0.00

  -- PRINCIPAL DISTRIBUTION (PSA s.4.01(b), sequential) --
    Class A-1   Principal Paid:      $1,175,244.65  New Balance: $88,035,540.16

  Cumulative Realized Losses: $0.00

================================================================
DISTRIBUTION DATE: 2026-05-17  (Period 23)
================================================================
POOL BALANCE (BOP):          $1,304,652,144.44
WA COUPON:                   6.4314%
SCHEDULED INTEREST:          $6,992,333.39
SCHEDULED PRINCIPAL:         $1,174,186.93
UNSCHEDULED PRINCIPAL:       $0.00
LIQUIDATION PROCEEDS:        $18,110,000.00
TOTAL AVAILABLE DISTRIBUTION:$26,276,520.32

  [EVENT] REALIZED LOSS: Loan MSCG24-006 liquidated at $18.11M net of $1.2M special servicing fees. Realized loss of $6.75M applied in reverse sequential order. Class NR absorbs first; residual $1.025M writes down Class F principal balance.

  -- INTEREST DISTRIBUTION (PSA s.4.01(a)) --
    Class X-A   Interest Paid: $699,233.34
    Class X-B   Interest Paid: $176,268.40
    Class A-1   Accrued: $355,810.31  Paid: $355,810.31
    Class A-2   Accrued: $1,021,700.92  Paid: $1,021,700.92
    Class A-3   Accrued: $1,386,900.09  Paid: $1,386,900.09
    Class A-SB  Accrued: $330,928.28  Paid: $330,928.28
    Class A-S   Accrued: $745,391.86  Paid: $745,391.86
    Class B     Accrued: $647,934.02  Paid: $647,934.02
    Class C     Accrued: $544,050.38  Paid: $544,050.38
    Class D     Accrued: $481,934.39  Paid: $481,934.39
    Class E     Accrued: $310,579.94  Paid: $310,579.94
    Class F     Accrued: $276,666.04  Paid: $276,666.04
    Class NR    Accrued: $0.00  Paid: $0.00

  -- PRINCIPAL DISTRIBUTION (PSA s.4.01(b), sequential) --
    Class A-1   Principal Paid:     $19,284,186.93  New Balance: $68,751,353.23

  -- REALIZED LOSS ALLOCATION (reverse sequential) --
    Class NR    Loss Allocated:      $6,750,000.00  New Balance: $36,088,613.00

  Cumulative Realized Losses: $6,750,000.00

================================================================
DISTRIBUTION DATE: 2026-06-17  (Period 24)
================================================================
POOL BALANCE (BOP):          $1,285,367,957.51
WA COUPON:                   6.4314%
SCHEDULED INTEREST:          $6,888,979.05
SCHEDULED PRINCIPAL:         $1,156,831.16
UNSCHEDULED PRINCIPAL:       $0.00
LIQUIDATION PROCEEDS:        $0.00
TOTAL AVAILABLE DISTRIBUTION:$8,045,810.21

  -- INTEREST DISTRIBUTION (PSA s.4.01(a)) --
    Class X-A   Interest Paid: $688,897.90
    Class X-B   Interest Paid: $176,268.40
    Class A-1   Accrued: $277,870.05  Paid: $277,870.05
    Class A-2   Accrued: $1,021,700.92  Paid: $1,021,700.92
    Class A-3   Accrued: $1,386,900.09  Paid: $1,386,900.09
    Class A-SB  Accrued: $330,928.28  Paid: $330,928.28
    Class A-S   Accrued: $745,391.86  Paid: $745,391.86
    Class B     Accrued: $647,934.02  Paid: $647,934.02
    Class C     Accrued: $544,050.38  Paid: $544,050.38
    Class D     Accrued: $481,934.39  Paid: $481,934.39
    Class E     Accrued: $310,579.94  Paid: $310,579.94
    Class F     Accrued: $276,666.04  Paid: $276,522.81  [SHORTFALL $143.23]
    Class NR    Accrued: $0.00  Paid: $0.00

  -- PRINCIPAL DISTRIBUTION (PSA s.4.01(b), sequential) --
    Class A-1   Principal Paid:      $1,156,831.16  New Balance: $67,594,522.07

  Cumulative Realized Losses: $6,750,000.00

================================================================
DISTRIBUTION DATE: 2026-07-17  (Period 25)
================================================================
POOL BALANCE (BOP):          $1,284,211,126.35
WA COUPON:                   6.4314%
SCHEDULED INTEREST:          $6,882,778.97
SCHEDULED PRINCIPAL:         $1,155,790.01
UNSCHEDULED PRINCIPAL:       $0.00
LIQUIDATION PROCEEDS:        $0.00
TOTAL AVAILABLE DISTRIBUTION:$8,038,568.98

  -- INTEREST DISTRIBUTION (PSA s.4.01(a)) --
    Class X-A   Interest Paid: $688,277.90
    Class X-B   Interest Paid: $176,268.40
    Class A-1   Accrued: $273,194.53  Paid: $273,194.53
    Class A-2   Accrued: $1,021,700.92  Paid: $1,021,700.92
    Class A-3   Accrued: $1,386,900.09  Paid: $1,386,900.09
    Class A-SB  Accrued: $330,928.28  Paid: $330,928.28
    Class A-S   Accrued: $745,391.86  Paid: $745,391.86
    Class B     Accrued: $647,934.02  Paid: $647,934.02
    Class C     Accrued: $544,050.38  Paid: $544,050.38
    Class D     Accrued: $481,934.39  Paid: $481,934.39
    Class E     Accrued: $310,579.94  Paid: $310,579.94
    Class F     Accrued: $276,666.04  Paid: $275,618.26  [SHORTFALL $1,047.78]
    Class NR    Accrued: $0.00  Paid: $0.00

  -- PRINCIPAL DISTRIBUTION (PSA s.4.01(b), sequential) --
    Class A-1   Principal Paid:      $1,155,790.01  New Balance: $66,438,732.05

  Cumulative Realized Losses: $6,750,000.00

================================================================
DISTRIBUTION DATE: 2026-08-17  (Period 26)
================================================================
POOL BALANCE (BOP):          $1,283,055,336.33
WA COUPON:                   6.4314%
SCHEDULED INTEREST:          $6,876,584.46
SCHEDULED PRINCIPAL:         $1,154,749.80
UNSCHEDULED PRINCIPAL:       $0.00
LIQUIDATION PROCEEDS:        $0.00
TOTAL AVAILABLE DISTRIBUTION:$8,031,334.27

  -- INTEREST DISTRIBUTION (PSA s.4.01(a)) --
    Class X-A   Interest Paid: $687,658.45
    Class X-B   Interest Paid: $176,268.40
    Class A-1   Accrued: $268,523.21  Paid: $268,523.21
    Class A-2   Accrued: $1,021,700.92  Paid: $1,021,700.92
    Class A-3   Accrued: $1,386,900.09  Paid: $1,386,900.09
    Class A-SB  Accrued: $330,928.28  Paid: $330,928.28
    Class A-S   Accrued: $745,391.86  Paid: $745,391.86
    Class B     Accrued: $647,934.02  Paid: $647,934.02
    Class C     Accrued: $544,050.38  Paid: $544,050.38
    Class D     Accrued: $481,934.39  Paid: $481,934.39
    Class E     Accrued: $310,579.94  Paid: $310,579.94
    Class F     Accrued: $276,666.04  Paid: $274,714.53  [SHORTFALL $1,951.51]
    Class NR    Accrued: $0.00  Paid: $0.00

  -- PRINCIPAL DISTRIBUTION (PSA s.4.01(b), sequential) --
    Class A-1   Principal Paid:      $1,154,749.80  New Balance: $65,283,982.25

  Cumulative Realized Losses: $6,750,000.00

================================================================
DISTRIBUTION DATE: 2026-09-17  (Period 27)
================================================================
POOL BALANCE (BOP):          $1,281,900,586.53
WA COUPON:                   6.4314%
SCHEDULED INTEREST:          $6,870,395.54
SCHEDULED PRINCIPAL:         $1,153,710.53
UNSCHEDULED PRINCIPAL:       $0.00
LIQUIDATION PROCEEDS:        $0.00
TOTAL AVAILABLE DISTRIBUTION:$8,024,106.07

  -- INTEREST DISTRIBUTION (PSA s.4.01(a)) --
    Class X-A   Interest Paid: $687,039.55
    Class X-B   Interest Paid: $176,268.40
    Class A-1   Accrued: $263,856.09  Paid: $263,856.09
    Class A-2   Accrued: $1,021,700.92  Paid: $1,021,700.92
    Class A-3   Accrued: $1,386,900.09  Paid: $1,386,900.09
    Class A-SB  Accrued: $330,928.28  Paid: $330,928.28
    Class A-S   Accrued: $745,391.86  Paid: $745,391.86
    Class B     Accrued: $647,934.02  Paid: $647,934.02
    Class C     Accrued: $544,050.38  Paid: $544,050.38
    Class D     Accrued: $481,934.39  Paid: $481,934.39
    Class E     Accrued: $310,579.94  Paid: $310,579.94
    Class F     Accrued: $276,666.04  Paid: $273,811.61  [SHORTFALL $2,854.43]
    Class NR    Accrued: $0.00  Paid: $0.00

  -- PRINCIPAL DISTRIBUTION (PSA s.4.01(b), sequential) --
    Class A-1   Principal Paid:      $1,153,710.53  New Balance: $64,130,271.72

  Cumulative Realized Losses: $6,750,000.00

================================================================
DISTRIBUTION DATE: 2026-10-17  (Period 28)
================================================================
POOL BALANCE (BOP):          $1,280,746,876.00
WA COUPON:                   6.4314%
SCHEDULED INTEREST:          $6,864,212.18
SCHEDULED PRINCIPAL:         $1,152,672.19
UNSCHEDULED PRINCIPAL:       $0.00
LIQUIDATION PROCEEDS:        $0.00
TOTAL AVAILABLE DISTRIBUTION:$8,016,884.37

  [EVENT] LOAN MODIFICATION: Loan MSCG24-019 (office, $11.2M) — interest rate reduced from 6.85% to 4.95% through 2028-03 per modification approved by Special Servicer. Shortfall vs. original rate allocated to Class NR interest per s.4.07(b)(ii).

  -- INTEREST DISTRIBUTION (PSA s.4.01(a)) --
    Class X-A   Interest Paid: $686,421.22
    Class X-B   Interest Paid: $176,268.40
    Class A-1   Accrued: $259,193.18  Paid: $259,193.18
    Class A-2   Accrued: $1,021,700.92  Paid: $1,021,700.92
    Class A-3   Accrued: $1,386,900.09  Paid: $1,386,900.09
    Class A-SB  Accrued: $330,928.28  Paid: $330,928.28
    Class A-S   Accrued: $745,391.86  Paid: $745,391.86
    Class B     Accrued: $647,934.02  Paid: $647,934.02
    Class C     Accrued: $544,050.38  Paid: $544,050.38
    Class D     Accrued: $481,934.39  Paid: $481,934.39
    Class E     Accrued: $310,579.94  Paid: $310,579.94
    Class F     Accrued: $276,666.04  Paid: $272,909.50  [SHORTFALL $3,756.54]
    Class NR    Accrued: $0.00  Paid: $0.00

  -- PRINCIPAL DISTRIBUTION (PSA s.4.01(b), sequential) --
    Class A-1   Principal Paid:      $1,152,672.19  New Balance: $62,977,599.53

  Cumulative Realized Losses: $6,750,000.00

================================================================
DISTRIBUTION DATE: 2026-11-17  (Period 29)
================================================================
POOL BALANCE (BOP):          $1,279,594,203.81
WA COUPON:                   6.4314%
SCHEDULED INTEREST:          $6,858,034.39
SCHEDULED PRINCIPAL:         $1,151,634.78
UNSCHEDULED PRINCIPAL:       $0.00
LIQUIDATION PROCEEDS:        $0.00
TOTAL AVAILABLE DISTRIBUTION:$8,009,669.18

  -- INTEREST DISTRIBUTION (PSA s.4.01(a)) --
    Class X-A   Interest Paid: $685,803.44
    Class X-B   Interest Paid: $176,268.40
    Class A-1   Accrued: $254,534.46  Paid: $254,534.46
    Class A-2   Accrued: $1,021,700.92  Paid: $1,021,700.92
    Class A-3   Accrued: $1,386,900.09  Paid: $1,386,900.09
    Class A-SB  Accrued: $330,928.28  Paid: $330,928.28
    Class A-S   Accrued: $745,391.86  Paid: $745,391.86
    Class B     Accrued: $647,934.02  Paid: $647,934.02
    Class C     Accrued: $544,050.38  Paid: $544,050.38
    Class D     Accrued: $481,934.39  Paid: $481,934.39
    Class E     Accrued: $310,579.94  Paid: $310,579.94
    Class F     Accrued: $276,666.04  Paid: $272,008.21  [SHORTFALL $4,657.84]
    Class NR    Accrued: $0.00  Paid: $0.00

  -- PRINCIPAL DISTRIBUTION (PSA s.4.01(b), sequential) --
    Class A-1   Principal Paid:      $1,151,634.78  New Balance: $61,825,964.75

  Cumulative Realized Losses: $6,750,000.00

================================================================
DISTRIBUTION DATE: 2026-12-17  (Period 30)
================================================================
POOL BALANCE (BOP):          $1,278,442,569.03
WA COUPON:                   6.4314%
SCHEDULED INTEREST:          $6,851,862.16
SCHEDULED PRINCIPAL:         $1,150,598.31
UNSCHEDULED PRINCIPAL:       $0.00
LIQUIDATION PROCEEDS:        $0.00
TOTAL AVAILABLE DISTRIBUTION:$8,002,460.47

  -- INTEREST DISTRIBUTION (PSA s.4.01(a)) --
    Class X-A   Interest Paid: $685,186.22
    Class X-B   Interest Paid: $176,268.40
    Class A-1   Accrued: $249,879.94  Paid: $249,879.94
    Class A-2   Accrued: $1,021,700.92  Paid: $1,021,700.92
    Class A-3   Accrued: $1,386,900.09  Paid: $1,386,900.09
    Class A-SB  Accrued: $330,928.28  Paid: $330,928.28
    Class A-S   Accrued: $745,391.86  Paid: $745,391.86
    Class B     Accrued: $647,934.02  Paid: $647,934.02
    Class C     Accrued: $544,050.38  Paid: $544,050.38
    Class D     Accrued: $481,934.39  Paid: $481,934.39
    Class E     Accrued: $310,579.94  Paid: $310,579.94
    Class F     Accrued: $276,666.04  Paid: $271,107.72  [SHORTFALL $5,558.32]
    Class NR    Accrued: $0.00  Paid: $0.00

  -- PRINCIPAL DISTRIBUTION (PSA s.4.01(b), sequential) --
    Class A-1   Principal Paid:      $1,150,598.31  New Balance: $60,675,366.44

  Cumulative Realized Losses: $6,750,000.00

================================================================
DISTRIBUTION DATE: 2027-01-17  (Period 31)
================================================================
POOL BALANCE (BOP):          $1,277,291,970.72
WA COUPON:                   6.4314%
SCHEDULED INTEREST:          $6,845,695.48
SCHEDULED PRINCIPAL:         $1,149,562.77
UNSCHEDULED PRINCIPAL:       $0.00
LIQUIDATION PROCEEDS:        $0.00
TOTAL AVAILABLE DISTRIBUTION:$7,995,258.26

  -- INTEREST DISTRIBUTION (PSA s.4.01(a)) --
    Class X-A   Interest Paid: $684,569.55
    Class X-B   Interest Paid: $176,268.40
    Class A-1   Accrued: $245,229.61  Paid: $245,229.61
    Class A-2   Accrued: $1,021,700.92  Paid: $1,021,700.92
    Class A-3   Accrued: $1,386,900.09  Paid: $1,386,900.09
    Class A-SB  Accrued: $330,928.28  Paid: $330,928.28
    Class A-S   Accrued: $745,391.86  Paid: $745,391.86
    Class B     Accrued: $647,934.02  Paid: $647,934.02
    Class C     Accrued: $544,050.38  Paid: $544,050.38
    Class D     Accrued: $481,934.39  Paid: $481,934.39
    Class E     Accrued: $310,579.94  Paid: $310,579.94
    Class F     Accrued: $276,666.04  Paid: $270,208.05  [SHORTFALL $6,457.99]
    Class NR    Accrued: $0.00  Paid: $0.00

  -- PRINCIPAL DISTRIBUTION (PSA s.4.01(b), sequential) --
    Class A-1   Principal Paid:      $1,149,562.77  New Balance: $59,525,803.66

  Cumulative Realized Losses: $6,750,000.00

================================================================
DISTRIBUTION DATE: 2027-02-17  (Period 32)
================================================================
POOL BALANCE (BOP):          $1,276,142,407.94
WA COUPON:                   6.4314%
SCHEDULED INTEREST:          $6,839,534.36
SCHEDULED PRINCIPAL:         $1,148,528.17
UNSCHEDULED PRINCIPAL:       $0.00
LIQUIDATION PROCEEDS:        $0.00
TOTAL AVAILABLE DISTRIBUTION:$7,988,062.53

  [EVENT] CUMULATIVE LOSS TRIGGER: Deal cumulative realized loss = $6.75M (0.71% of original pool). Below 2.00% threshold — triggers NOT in effect. Principal continues sequential-pay.

  -- INTEREST DISTRIBUTION (PSA s.4.01(a)) --
    Class X-A   Interest Paid: $683,953.44
    Class X-B   Interest Paid: $176,268.40
    Class A-1   Accrued: $240,583.46  Paid: $240,583.46
    Class A-2   Accrued: $1,021,700.92  Paid: $1,021,700.92
    Class A-3   Accrued: $1,386,900.09  Paid: $1,386,900.09
    Class A-SB  Accrued: $330,928.28  Paid: $330,928.28
    Class A-S   Accrued: $745,391.86  Paid: $745,391.86
    Class B     Accrued: $647,934.02  Paid: $647,934.02
    Class C     Accrued: $544,050.38  Paid: $544,050.38
    Class D     Accrued: $481,934.39  Paid: $481,934.39
    Class E     Accrued: $310,579.94  Paid: $310,579.94
    Class F     Accrued: $276,666.04  Paid: $269,309.19  [SHORTFALL $7,356.86]
    Class NR    Accrued: $0.00  Paid: $0.00

  -- PRINCIPAL DISTRIBUTION (PSA s.4.01(b), sequential) --
    Class A-1   Principal Paid:      $1,148,528.17  New Balance: $58,377,275.50

  Cumulative Realized Losses: $6,750,000.00

================================================================
DISTRIBUTION DATE: 2027-03-17  (Period 33)
================================================================
POOL BALANCE (BOP):          $1,274,993,879.78
WA COUPON:                   6.4314%
SCHEDULED INTEREST:          $6,833,378.78
SCHEDULED PRINCIPAL:         $1,147,494.49
UNSCHEDULED PRINCIPAL:       $0.00
LIQUIDATION PROCEEDS:        $0.00
TOTAL AVAILABLE DISTRIBUTION:$7,980,873.27

  -- INTEREST DISTRIBUTION (PSA s.4.01(a)) --
    Class X-A   Interest Paid: $683,337.88
    Class X-B   Interest Paid: $176,268.40
    Class A-1   Accrued: $235,941.49  Paid: $235,941.49
    Class A-2   Accrued: $1,021,700.92  Paid: $1,021,700.92
    Class A-3   Accrued: $1,386,900.09  Paid: $1,386,900.09
    Class A-SB  Accrued: $330,928.28  Paid: $330,928.28
    Class A-S   Accrued: $745,391.86  Paid: $745,391.86
    Class B     Accrued: $647,934.02  Paid: $647,934.02
    Class C     Accrued: $544,050.38  Paid: $544,050.38
    Class D     Accrued: $481,934.39  Paid: $481,934.39
    Class E     Accrued: $310,579.94  Paid: $310,579.94
    Class F     Accrued: $276,666.04  Paid: $268,411.13  [SHORTFALL $8,254.91]
    Class NR    Accrued: $0.00  Paid: $0.00

  -- PRINCIPAL DISTRIBUTION (PSA s.4.01(b), sequential) --
    Class A-1   Principal Paid:      $1,147,494.49  New Balance: $57,229,781.01

  Cumulative Realized Losses: $6,750,000.00

================================================================
DISTRIBUTION DATE: 2027-04-17  (Period 34)
================================================================
POOL BALANCE (BOP):          $1,273,846,385.29
WA COUPON:                   6.4314%
SCHEDULED INTEREST:          $6,827,228.74
SCHEDULED PRINCIPAL:         $1,146,461.75
UNSCHEDULED PRINCIPAL:       $0.00
LIQUIDATION PROCEEDS:        $0.00
TOTAL AVAILABLE DISTRIBUTION:$7,973,690.48

  -- INTEREST DISTRIBUTION (PSA s.4.01(a)) --
    Class X-A   Interest Paid: $682,722.87
    Class X-B   Interest Paid: $176,268.40
    Class A-1   Accrued: $231,303.70  Paid: $231,303.70
    Class A-2   Accrued: $1,021,700.92  Paid: $1,021,700.92
    Class A-3   Accrued: $1,386,900.09  Paid: $1,386,900.09
    Class A-SB  Accrued: $330,928.28  Paid: $330,928.28
    Class A-S   Accrued: $745,391.86  Paid: $745,391.86
    Class B     Accrued: $647,934.02  Paid: $647,934.02
    Class C     Accrued: $544,050.38  Paid: $544,050.38
    Class D     Accrued: $481,934.39  Paid: $481,934.39
    Class E     Accrued: $310,579.94  Paid: $310,579.94
    Class F     Accrued: $276,666.04  Paid: $267,513.88  [SHORTFALL $9,152.16]
    Class NR    Accrued: $0.00  Paid: $0.00

  -- PRINCIPAL DISTRIBUTION (PSA s.4.01(b), sequential) --
    Class A-1   Principal Paid:      $1,146,461.75  New Balance: $56,083,319.26

  Cumulative Realized Losses: $6,750,000.00

================================================================
DISTRIBUTION DATE: 2027-05-17  (Period 35)
================================================================
POOL BALANCE (BOP):          $1,272,699,923.54
WA COUPON:                   6.4314%
SCHEDULED INTEREST:          $6,821,084.23
SCHEDULED PRINCIPAL:         $1,145,429.93
UNSCHEDULED PRINCIPAL:       $0.00
LIQUIDATION PROCEEDS:        $0.00
TOTAL AVAILABLE DISTRIBUTION:$7,966,514.16

  -- INTEREST DISTRIBUTION (PSA s.4.01(a)) --
    Class X-A   Interest Paid: $682,108.42
    Class X-B   Interest Paid: $176,268.40
    Class A-1   Accrued: $226,670.08  Paid: $226,670.08
    Class A-2   Accrued: $1,021,700.92  Paid: $1,021,700.92
    Class A-3   Accrued: $1,386,900.09  Paid: $1,386,900.09
    Class A-SB  Accrued: $330,928.28  Paid: $330,928.28
    Class A-S   Accrued: $745,391.86  Paid: $745,391.86
    Class B     Accrued: $647,934.02  Paid: $647,934.02
    Class C     Accrued: $544,050.38  Paid: $544,050.38
    Class D     Accrued: $481,934.39  Paid: $481,934.39
    Class E     Accrued: $310,579.94  Paid: $310,579.94
    Class F     Accrued: $276,666.04  Paid: $266,617.45  [SHORTFALL $10,048.60]
    Class NR    Accrued: $0.00  Paid: $0.00

  -- PRINCIPAL DISTRIBUTION (PSA s.4.01(b), sequential) --
    Class A-1   Principal Paid:      $1,145,429.93  New Balance: $54,937,889.33

  Cumulative Realized Losses: $6,750,000.00

================================================================
DISTRIBUTION DATE: 2027-06-17  (Period 36)
================================================================
POOL BALANCE (BOP):          $1,271,554,493.61
WA COUPON:                   6.4314%
SCHEDULED INTEREST:          $6,814,945.26
SCHEDULED PRINCIPAL:         $1,144,399.04
UNSCHEDULED PRINCIPAL:       $0.00
LIQUIDATION PROCEEDS:        $0.00
TOTAL AVAILABLE DISTRIBUTION:$7,959,344.30

  -- INTEREST DISTRIBUTION (PSA s.4.01(a)) --
    Class X-A   Interest Paid: $681,494.53
    Class X-B   Interest Paid: $176,268.40
    Class A-1   Accrued: $222,040.64  Paid: $222,040.64
    Class A-2   Accrued: $1,021,700.92  Paid: $1,021,700.92
    Class A-3   Accrued: $1,386,900.09  Paid: $1,386,900.09
    Class A-SB  Accrued: $330,928.28  Paid: $330,928.28
    Class A-S   Accrued: $745,391.86  Paid: $745,391.86
    Class B     Accrued: $647,934.02  Paid: $647,934.02
    Class C     Accrued: $544,050.38  Paid: $544,050.38
    Class D     Accrued: $481,934.39  Paid: $481,934.39
    Class E     Accrued: $310,579.94  Paid: $310,579.94
    Class F     Accrued: $276,666.04  Paid: $265,721.81  [SHORTFALL $10,944.23]
    Class NR    Accrued: $0.00  Paid: $0.00

  -- PRINCIPAL DISTRIBUTION (PSA s.4.01(b), sequential) --
    Class A-1   Principal Paid:      $1,144,399.04  New Balance: $53,793,490.28

  Cumulative Realized Losses: $6,750,000.00
